*** Starting uWSGI 2.0.20 (64bit) on [Sun Apr 10 01:18:25 2022] ***
compiled with version: 4.8.5 20150623 (Red Hat 4.8.5-44) on 09 April 2022 03:21:51
os: Linux-3.10.0-1160.el7.x86_64 #1 SMP Mon Oct 19 16:18:59 UTC 2020
nodename: attrec
machine: x86_64
clock source: unix
detected number of CPU cores: 8
current working directory: /home/sites/attendance.com/Attendance_Django_Vue3/djDemo
detected binary path: /usr/local/bin/uwsgi
!!! no internal routing support, rebuild with pcre support !!!
chdir() to /home/sites/attendance.com/Attendance_Django_Vue3/djDemo
your processes number limit is 4096
your memory page size is 4096 bytes
detected max file descriptor number: 1024
lock engine: pthread robust mutexes
thunder lock: disabled (you can enable it with --thunder-lock)
uwsgi socket 0 bound to TCP address 127.0.0.1:8000 fd 3
Python version: 3.6.8 (default, Nov 16 2020, 16:55:22)  [GCC 4.8.5 20150623 (Red Hat 4.8.5-44)]
*** Python threads support is disabled. You can enable it with --enable-threads ***
Python main interpreter initialized at 0x17a6b20
your server socket listen backlog is limited to 100 connections
your mercy for graceful operations on workers is 60 seconds
mapped 145808 bytes (142 KB) for 1 cores
*** Operational MODE: single process ***
WSGI app 0 (mountpoint='') ready in 1 seconds on interpreter 0x17a6b20 pid: 9243 (default app)
*** uWSGI is running in multiple interpreter mode ***
spawned uWSGI master process (pid: 9243)
spawned uWSGI worker 1 (pid: 9245, cores: 1)
*** Starting uWSGI 2.0.20 (64bit) on [Sun Apr 10 13:33:00 2022] ***
compiled with version: 4.8.5 20150623 (Red Hat 4.8.5-44) on 09 April 2022 03:21:51
os: Linux-3.10.0-1160.el7.x86_64 #1 SMP Mon Oct 19 16:18:59 UTC 2020
nodename: attrec
machine: x86_64
clock source: unix
detected number of CPU cores: 8
current working directory: /home/sites/attendance.com/Attendance_Django_Vue3/djDemo
detected binary path: /usr/local/bin/uwsgi
!!! no internal routing support, rebuild with pcre support !!!
chdir() to /home/sites/attendance.com/Attendance_Django_Vue3/djDemo
your processes number limit is 4096
your memory page size is 4096 bytes
detected max file descriptor number: 1024
lock engine: pthread robust mutexes
thunder lock: disabled (you can enable it with --thunder-lock)
uwsgi socket 0 bound to TCP address 127.0.0.1:8000 fd 3
Python version: 3.6.8 (default, Nov 16 2020, 16:55:22)  [GCC 4.8.5 20150623 (Red Hat 4.8.5-44)]
*** Python threads support is disabled. You can enable it with --enable-threads ***
Python main interpreter initialized at 0x1f9db20
your server socket listen backlog is limited to 100 connections
your mercy for graceful operations on workers is 60 seconds
mapped 145808 bytes (142 KB) for 1 cores
*** Operational MODE: single process ***
WSGI app 0 (mountpoint='') ready in 1 seconds on interpreter 0x1f9db20 pid: 27297 (default app)
*** uWSGI is running in multiple interpreter mode ***
spawned uWSGI master process (pid: 27297)
spawned uWSGI worker 1 (pid: 27300, cores: 1)
*** Starting uWSGI 2.0.20 (64bit) on [Sun Apr 10 13:47:39 2022] ***
compiled with version: 4.8.5 20150623 (Red Hat 4.8.5-44) on 09 April 2022 03:21:51
os: Linux-3.10.0-1160.el7.x86_64 #1 SMP Mon Oct 19 16:18:59 UTC 2020
nodename: attrec
machine: x86_64
clock source: unix
detected number of CPU cores: 8
current working directory: /home/sites/attendance.com/Attendance_Django_Vue3/djDemo
detected binary path: /usr/local/bin/uwsgi
!!! no internal routing support, rebuild with pcre support !!!
chdir() to /home/sites/attendance.com/Attendance_Django_Vue3/djDemo
your processes number limit is 4096
your memory page size is 4096 bytes
detected max file descriptor number: 1024
lock engine: pthread robust mutexes
thunder lock: disabled (you can enable it with --thunder-lock)
uwsgi socket 0 bound to TCP address 127.0.0.1:8000 fd 3
Python version: 3.6.8 (default, Nov 16 2020, 16:55:22)  [GCC 4.8.5 20150623 (Red Hat 4.8.5-44)]
*** Python threads support is disabled. You can enable it with --enable-threads ***
Python main interpreter initialized at 0x2024b20
your server socket listen backlog is limited to 100 connections
your mercy for graceful operations on workers is 60 seconds
mapped 145808 bytes (142 KB) for 1 cores
*** Operational MODE: single process ***
WSGI app 0 (mountpoint='') ready in 1 seconds on interpreter 0x2024b20 pid: 28047 (default app)
*** uWSGI is running in multiple interpreter mode ***
spawned uWSGI master process (pid: 28047)
spawned uWSGI worker 1 (pid: 28050, cores: 1)
*** Starting uWSGI 2.0.20 (64bit) on [Sun Apr 10 17:22:23 2022] ***
compiled with version: 4.8.5 20150623 (Red Hat 4.8.5-44) on 09 April 2022 03:21:51
os: Linux-3.10.0-1160.el7.x86_64 #1 SMP Mon Oct 19 16:18:59 UTC 2020
nodename: attrec
machine: x86_64
clock source: unix
detected number of CPU cores: 8
current working directory: /home/sites/attendance.com/Attendance_Django_Vue3/djDemo
detected binary path: /usr/local/bin/uwsgi
!!! no internal routing support, rebuild with pcre support !!!
chdir() to /home/sites/attendance.com/Attendance_Django_Vue3/djDemo
your processes number limit is 4096
your memory page size is 4096 bytes
detected max file descriptor number: 1024
lock engine: pthread robust mutexes
thunder lock: disabled (you can enable it with --thunder-lock)
uwsgi socket 0 bound to TCP address 127.0.0.1:8000 fd 3
Python version: 3.6.8 (default, Nov 16 2020, 16:55:22)  [GCC 4.8.5 20150623 (Red Hat 4.8.5-44)]
*** Python threads support is disabled. You can enable it with --enable-threads ***
Python main interpreter initialized at 0x18bbb20
your server socket listen backlog is limited to 100 connections
your mercy for graceful operations on workers is 60 seconds
mapped 145808 bytes (142 KB) for 1 cores
*** Operational MODE: single process ***
WSGI app 0 (mountpoint='') ready in 0 seconds on interpreter 0x18bbb20 pid: 6555 (default app)
*** uWSGI is running in multiple interpreter mode ***
spawned uWSGI master process (pid: 6555)
spawned uWSGI worker 1 (pid: 6557, cores: 1)
*** Starting uWSGI 2.0.20 (64bit) on [Sun Apr 10 17:31:17 2022] ***
compiled with version: 4.8.5 20150623 (Red Hat 4.8.5-44) on 09 April 2022 03:21:51
os: Linux-3.10.0-1160.el7.x86_64 #1 SMP Mon Oct 19 16:18:59 UTC 2020
nodename: attrec
machine: x86_64
clock source: unix
detected number of CPU cores: 8
current working directory: /home/sites/attendance.com/Attendance_Django_Vue3/djDemo
detected binary path: /usr/local/bin/uwsgi
!!! no internal routing support, rebuild with pcre support !!!
chdir() to /home/sites/attendance.com/Attendance_Django_Vue3/djDemo
your processes number limit is 4096
your memory page size is 4096 bytes
detected max file descriptor number: 1024
lock engine: pthread robust mutexes
thunder lock: disabled (you can enable it with --thunder-lock)
uwsgi socket 0 bound to TCP address 127.0.0.1:8000 fd 3
Python version: 3.6.8 (default, Nov 16 2020, 16:55:22)  [GCC 4.8.5 20150623 (Red Hat 4.8.5-44)]
*** Python threads support is disabled. You can enable it with --enable-threads ***
Python main interpreter initialized at 0x1eb7b20
your server socket listen backlog is limited to 100 connections
your mercy for graceful operations on workers is 60 seconds
mapped 145808 bytes (142 KB) for 1 cores
*** Operational MODE: single process ***
WSGI app 0 (mountpoint='') ready in 1 seconds on interpreter 0x1eb7b20 pid: 7012 (default app)
*** uWSGI is running in multiple interpreter mode ***
spawned uWSGI master process (pid: 7012)
spawned uWSGI worker 1 (pid: 7015, cores: 1)
select applyType,isHoliday,conversionType,applyTimeLast,user_id,applyEndTime from ApplyHistory where id=37
select HolidayRemainderDay,HolidayRemainderTime,restPoolTotalDay,restPoolTotalTime from RestPoolTab where user_id='02587'
select applyType,isHoliday,conversionType,applyTimeLast,user_id,applyEndTime from ApplyHistory where id=38
select HolidayRemainderDay,HolidayRemainderTime,restPoolTotalDay,restPoolTotalTime from RestPoolTab where user_id='02587'
select applyType,isHoliday,conversionType,applyTimeLast,user_id,applyEndTime from ApplyHistory where id=39
select HolidayRemainderDay,HolidayRemainderTime,restPoolTotalDay,restPoolTotalTime from RestPoolTab where user_id='02587'
select applyType,isHoliday,conversionType,applyTimeLast,user_id,applyEndTime from ApplyHistory where id=40
select HolidayRemainderDay,HolidayRemainderTime,restPoolTotalDay,restPoolTotalTime from RestPoolTab where user_id='02587'
select applyType,isHoliday,conversionType,applyTimeLast,user_id,applyEndTime from ApplyHistory where id=41
select costDay,costTime,restPoolTotalDay,restPoolTotalTime from RestPoolTab where user_id='02587'
select applyType,isHoliday,conversionType,applyTimeLast,user_id,applyEndTime from ApplyHistory where id=42
select costDay,costTime,restPoolTotalDay,restPoolTotalTime from RestPoolTab where user_id='02587'
select applyType,isHoliday,conversionType,applyTimeLast,user_id,applyEndTime from ApplyHistory where id=31
select HolidayRemainderDay,HolidayRemainderTime,restPoolTotalDay,restPoolTotalTime from RestPoolTab where user_id='89207'
select applyType,isHoliday,conversionType,applyTimeLast,user_id,applyEndTime from ApplyHistory where id=32
select HolidayRemainderDay,HolidayRemainderTime,restPoolTotalDay,restPoolTotalTime from RestPoolTab where user_id='89207'
select applyType,isHoliday,conversionType,applyTimeLast,user_id,applyEndTime from ApplyHistory where id=33
select HolidayRemainderDay,HolidayRemainderTime,restPoolTotalDay,restPoolTotalTime from RestPoolTab where user_id='89207'
select applyType,isHoliday,conversionType,applyTimeLast,user_id,applyEndTime from ApplyHistory where id=34
select costDay,costTime,restPoolTotalDay,restPoolTotalTime from RestPoolTab where user_id='89207'
select applyType,isHoliday,conversionType,applyTimeLast,user_id,applyEndTime from ApplyHistory where id=35
select costDay,costTime,restPoolTotalDay,restPoolTotalTime from RestPoolTab where user_id='89207'
select applyType,isHoliday,conversionType,applyTimeLast,user_id,applyEndTime from ApplyHistory where id=47
select HolidayRemainderDay,HolidayRemainderTime,restPoolTotalDay,restPoolTotalTime from RestPoolTab where user_id='02784'
select applyType,isHoliday,conversionType,applyTimeLast,user_id,applyEndTime from ApplyHistory where id=48
select HolidayRemainderDay,HolidayRemainderTime,restPoolTotalDay,restPoolTotalTime from RestPoolTab where user_id='02784'
select applyType,isHoliday,conversionType,applyTimeLast,user_id,applyEndTime from ApplyHistory where id=49
select costDay,costTime,restPoolTotalDay,restPoolTotalTime from RestPoolTab where user_id='02784'
select applyType,isHoliday,conversionType,applyTimeLast,user_id,applyEndTime from ApplyHistory where id=59
select HolidayRemainderDay,HolidayRemainderTime,restPoolTotalDay,restPoolTotalTime from RestPoolTab where user_id='02794'
select applyType,isHoliday,conversionType,applyTimeLast,user_id,applyEndTime from ApplyHistory where id=55
select applyType,isHoliday,conversionType,applyTimeLast,user_id,applyEndTime from ApplyHistory where id=61
select HolidayRemainderDay,HolidayRemainderTime,restPoolTotalDay,restPoolTotalTime from RestPoolTab where user_id='89758'
select applyType,isHoliday,conversionType,applyTimeLast,user_id,applyEndTime from ApplyHistory where id=60
select HolidayRemainderDay,HolidayRemainderTime,restPoolTotalDay,restPoolTotalTime from RestPoolTab where user_id='89298'
select applyType,isHoliday,conversionType,applyTimeLast,user_id,applyEndTime from ApplyHistory where id=58
select applyType,isHoliday,conversionType,applyTimeLast,user_id,applyEndTime from ApplyHistory where id=69
select HolidayRemainderDay,HolidayRemainderTime,restPoolTotalDay,restPoolTotalTime from RestPoolTab where user_id='89758'
select applyType,isHoliday,conversionType,applyTimeLast,user_id,applyEndTime from ApplyHistory where id=68
select costDay,costTime,restPoolTotalDay,restPoolTotalTime from RestPoolTab where user_id='02784'
select applyType,isHoliday,conversionType,applyTimeLast,user_id,applyEndTime from ApplyHistory where id=65
select HolidayRemainderDay,HolidayRemainderTime,restPoolTotalDay,restPoolTotalTime from RestPoolTab where user_id='89757'
select applyType,isHoliday,conversionType,applyTimeLast,user_id,applyEndTime from ApplyHistory where id=66
select HolidayRemainderDay,HolidayRemainderTime,restPoolTotalDay,restPoolTotalTime from RestPoolTab where user_id='89757'
select applyType,isHoliday,conversionType,applyTimeLast,user_id,applyEndTime from ApplyHistory where id=64
select HolidayRemainderDay,HolidayRemainderTime,restPoolTotalDay,restPoolTotalTime from RestPoolTab where user_id='89757'
select applyType,isHoliday,conversionType,applyTimeLast,user_id,applyEndTime from ApplyHistory where id=63
select costDay,costTime,restPoolTotalDay,restPoolTotalTime from RestPoolTab where user_id='89376'
select applyType,isHoliday,conversionType,applyTimeLast,user_id,applyEndTime from ApplyHistory where id=62
select applyType,isHoliday,conversionType,applyTimeLast,user_id,applyEndTime from ApplyHistory where id=70
select HolidayRemainderDay,HolidayRemainderTime,restPoolTotalDay,restPoolTotalTime from RestPoolTab where user_id='89217'
select applyType,isHoliday,conversionType,applyTimeLast,user_id,applyEndTime from ApplyHistory where id=67
select HolidayRemainderDay,HolidayRemainderTime,restPoolTotalDay,restPoolTotalTime from RestPoolTab where user_id='02794'
select applyType,isHoliday,conversionType,applyTimeLast,user_id,applyEndTime from ApplyHistory where id=50
select HolidayRemainderDay,HolidayRemainderTime,restPoolTotalDay,restPoolTotalTime from RestPoolTab where user_id='02791'
select applyType,isHoliday,conversionType,applyTimeLast,user_id,applyEndTime from ApplyHistory where id=73
select costDay,costTime,restPoolTotalDay,restPoolTotalTime from RestPoolTab where user_id='00073'
select applyType,isHoliday,conversionType,applyTimeLast,user_id,applyEndTime from ApplyHistory where id=74
select costDay,costTime,restPoolTotalDay,restPoolTotalTime from RestPoolTab where user_id='00073'
select applyType,isHoliday,conversionType,applyTimeLast,user_id,applyEndTime from ApplyHistory where id=91
select costDay,costTime,restPoolTotalDay,restPoolTotalTime from RestPoolTab where user_id='02784'
select applyType,isHoliday,conversionType,applyTimeLast,user_id,applyEndTime from ApplyHistory where id=53
select HolidayRemainderDay,HolidayRemainderTime,restPoolTotalDay,restPoolTotalTime from RestPoolTab where user_id='02791'
select applyType,isHoliday,conversionType,applyTimeLast,user_id,applyEndTime from ApplyHistory where id=72
select costDay,costTime,restPoolTotalDay,restPoolTotalTime from RestPoolTab where user_id='02791'
select applyType,isHoliday,conversionType,applyTimeLast,user_id,applyEndTime from ApplyHistory where id=85
select costDay,costTime,restPoolTotalDay,restPoolTotalTime from RestPoolTab where user_id='02794'
select applyType,isHoliday,conversionType,applyTimeLast,user_id,applyEndTime from ApplyHistory where id=71
select HolidayRemainderDay,HolidayRemainderTime,restPoolTotalDay,restPoolTotalTime from RestPoolTab where user_id='89298'
select applyType,isHoliday,conversionType,applyTimeLast,user_id,applyEndTime from ApplyHistory where id=87
select costDay,costTime,restPoolTotalDay,restPoolTotalTime from RestPoolTab where user_id='89298'
select applyType,isHoliday,conversionType,applyTimeLast,user_id,applyEndTime from ApplyHistory where id=86
select HolidayRemainderDay,HolidayRemainderTime,restPoolTotalDay,restPoolTotalTime from RestPoolTab where user_id='89757'
select applyType,isHoliday,conversionType,applyTimeLast,user_id,applyEndTime from ApplyHistory where id=88
select costDay,costTime,restPoolTotalDay,restPoolTotalTime from RestPoolTab where user_id='89757'
select applyType,isHoliday,conversionType,applyTimeLast,user_id,applyEndTime from ApplyHistory where id=89
select HolidayRemainderDay,HolidayRemainderTime,restPoolTotalDay,restPoolTotalTime from RestPoolTab where user_id='89758'
select applyType,isHoliday,conversionType,applyTimeLast,user_id,applyEndTime from ApplyHistory where id=90
select costDay,costTime,restPoolTotalDay,restPoolTotalTime from RestPoolTab where user_id='89758'
select applyType,isHoliday,conversionType,applyTimeLast,user_id,applyEndTime from ApplyHistory where id=75
select HolidayRemainderDay,HolidayRemainderTime,restPoolTotalDay,restPoolTotalTime from RestPoolTab where user_id='89900'
select applyType,isHoliday,conversionType,applyTimeLast,user_id,applyEndTime from ApplyHistory where id=76
select HolidayRemainderDay,HolidayRemainderTime,restPoolTotalDay,restPoolTotalTime from RestPoolTab where user_id='89900'
select applyType,isHoliday,conversionType,applyTimeLast,user_id,applyEndTime from ApplyHistory where id=80
select costDay,costTime,restPoolTotalDay,restPoolTotalTime from RestPoolTab where user_id='89900'
select applyType,isHoliday,conversionType,applyTimeLast,user_id,applyEndTime from ApplyHistory where id=84
select costDay,costTime,restPoolTotalDay,restPoolTotalTime from RestPoolTab where user_id='89376'
select applyType,isHoliday,conversionType,applyTimeLast,user_id,applyEndTime from ApplyHistory where id=83
select HolidayRemainderDay,HolidayRemainderTime,restPoolTotalDay,restPoolTotalTime from RestPoolTab where user_id='89376'
select applyType,isHoliday,conversionType,applyTimeLast,user_id,applyEndTime from ApplyHistory where id=81
select HolidayRemainderDay,HolidayRemainderTime,restPoolTotalDay,restPoolTotalTime from RestPoolTab where user_id='89376'
*** Starting uWSGI 2.0.20 (64bit) on [Mon Jun 27 14:53:22 2022] ***
compiled with version: 4.8.5 20150623 (Red Hat 4.8.5-44) on 09 April 2022 03:21:51
os: Linux-3.10.0-1160.el7.x86_64 #1 SMP Mon Oct 19 16:18:59 UTC 2020
nodename: attrec
machine: x86_64
clock source: unix
detected number of CPU cores: 8
current working directory: /home/sites/attendance.com/Attendance_Django_Vue3/djDemo
detected binary path: /usr/local/bin/uwsgi
!!! no internal routing support, rebuild with pcre support !!!
uWSGI running as root, you can use --uid/--gid/--chroot options
*** WARNING: you are running uWSGI as root !!! (use the --uid flag) *** 
chdir() to /home/sites/attendance.com/Attendance_Django_Vue3/djDemo
your processes number limit is 63445
your memory page size is 4096 bytes
detected max file descriptor number: 1024
lock engine: pthread robust mutexes
thunder lock: disabled (you can enable it with --thunder-lock)
uwsgi socket 0 bound to TCP address 127.0.0.1:8000 fd 3
uWSGI running as root, you can use --uid/--gid/--chroot options
*** WARNING: you are running uWSGI as root !!! (use the --uid flag) *** 
Python version: 3.6.8 (default, Nov 16 2020, 16:55:22)  [GCC 4.8.5 20150623 (Red Hat 4.8.5-44)]
*** Python threads support is disabled. You can enable it with --enable-threads ***
Python main interpreter initialized at 0xe61ac0
uWSGI running as root, you can use --uid/--gid/--chroot options
*** WARNING: you are running uWSGI as root !!! (use the --uid flag) *** 
your server socket listen backlog is limited to 100 connections
your mercy for graceful operations on workers is 60 seconds
mapped 145808 bytes (142 KB) for 1 cores
*** Operational MODE: single process ***
WSGI app 0 (mountpoint='') ready in 0 seconds on interpreter 0xe61ac0 pid: 19238 (default app)
uWSGI running as root, you can use --uid/--gid/--chroot options
*** WARNING: you are running uWSGI as root !!! (use the --uid flag) *** 
*** uWSGI is running in multiple interpreter mode ***
spawned uWSGI master process (pid: 19238)
spawned uWSGI worker 1 (pid: 19240, cores: 1)
*** Starting uWSGI 2.0.20 (64bit) on [Mon Jun 27 14:59:31 2022] ***
compiled with version: 4.8.5 20150623 (Red Hat 4.8.5-44) on 09 April 2022 03:21:51
os: Linux-3.10.0-1160.el7.x86_64 #1 SMP Mon Oct 19 16:18:59 UTC 2020
nodename: attrec
machine: x86_64
clock source: unix
detected number of CPU cores: 8
current working directory: /home/sites/attendance.com/Attendance_Django_Vue3/djDemo
detected binary path: /usr/local/bin/uwsgi
!!! no internal routing support, rebuild with pcre support !!!
uWSGI running as root, you can use --uid/--gid/--chroot options
*** WARNING: you are running uWSGI as root !!! (use the --uid flag) *** 
chdir() to /home/sites/attendance.com/Attendance_Django_Vue3/djDemo
your processes number limit is 63445
your memory page size is 4096 bytes
detected max file descriptor number: 1024
lock engine: pthread robust mutexes
thunder lock: disabled (you can enable it with --thunder-lock)
uwsgi socket 0 bound to TCP address 127.0.0.1:8000 fd 3
uWSGI running as root, you can use --uid/--gid/--chroot options
*** WARNING: you are running uWSGI as root !!! (use the --uid flag) *** 
Python version: 3.6.8 (default, Nov 16 2020, 16:55:22)  [GCC 4.8.5 20150623 (Red Hat 4.8.5-44)]
*** Python threads support is disabled. You can enable it with --enable-threads ***
Python main interpreter initialized at 0x173aac0
uWSGI running as root, you can use --uid/--gid/--chroot options
*** WARNING: you are running uWSGI as root !!! (use the --uid flag) *** 
your server socket listen backlog is limited to 100 connections
your mercy for graceful operations on workers is 60 seconds
mapped 145808 bytes (142 KB) for 1 cores
*** Operational MODE: single process ***
WSGI app 0 (mountpoint='') ready in 0 seconds on interpreter 0x173aac0 pid: 19573 (default app)
uWSGI running as root, you can use --uid/--gid/--chroot options
*** WARNING: you are running uWSGI as root !!! (use the --uid flag) *** 
*** uWSGI is running in multiple interpreter mode ***
spawned uWSGI master process (pid: 19573)
spawned uWSGI worker 1 (pid: 19575, cores: 1)
*** Starting uWSGI 2.0.20 (64bit) on [Mon Jun 27 15:17:43 2022] ***
compiled with version: 4.8.5 20150623 (Red Hat 4.8.5-44) on 09 April 2022 03:21:51
os: Linux-3.10.0-1160.el7.x86_64 #1 SMP Mon Oct 19 16:18:59 UTC 2020
nodename: attrec
machine: x86_64
clock source: unix
detected number of CPU cores: 8
current working directory: /home/sites/attendance.com/Attendance_Django_Vue3/djDemo
detected binary path: /usr/local/bin/uwsgi
!!! no internal routing support, rebuild with pcre support !!!
uWSGI running as root, you can use --uid/--gid/--chroot options
*** WARNING: you are running uWSGI as root !!! (use the --uid flag) *** 
chdir() to /home/sites/attendance.com/Attendance_Django_Vue3/djDemo
your processes number limit is 63445
your memory page size is 4096 bytes
detected max file descriptor number: 1024
lock engine: pthread robust mutexes
thunder lock: disabled (you can enable it with --thunder-lock)
probably another instance of uWSGI is running on the same address (127.0.0.1:8000).
bind(): Address already in use [core/socket.c line 769]
*** Starting uWSGI 2.0.20 (64bit) on [Mon Jun 27 15:22:10 2022] ***
compiled with version: 4.8.5 20150623 (Red Hat 4.8.5-44) on 09 April 2022 03:21:51
os: Linux-3.10.0-1160.el7.x86_64 #1 SMP Mon Oct 19 16:18:59 UTC 2020
nodename: attrec
machine: x86_64
clock source: unix
detected number of CPU cores: 8
current working directory: /home/sites/attendance.com/Attendance_Django_Vue3/djDemo
detected binary path: /usr/local/bin/uwsgi
!!! no internal routing support, rebuild with pcre support !!!
uWSGI running as root, you can use --uid/--gid/--chroot options
*** WARNING: you are running uWSGI as root !!! (use the --uid flag) *** 
chdir() to /home/sites/attendance.com/Attendance_Django_Vue3/djDemo
your processes number limit is 63445
your memory page size is 4096 bytes
detected max file descriptor number: 1024
lock engine: pthread robust mutexes
thunder lock: disabled (you can enable it with --thunder-lock)
uwsgi socket 0 bound to TCP address 127.0.0.1:8000 fd 3
uWSGI running as root, you can use --uid/--gid/--chroot options
*** WARNING: you are running uWSGI as root !!! (use the --uid flag) *** 
Python version: 3.6.8 (default, Nov 16 2020, 16:55:22)  [GCC 4.8.5 20150623 (Red Hat 4.8.5-44)]
*** Python threads support is disabled. You can enable it with --enable-threads ***
Python main interpreter initialized at 0xda4ac0
uWSGI running as root, you can use --uid/--gid/--chroot options
*** WARNING: you are running uWSGI as root !!! (use the --uid flag) *** 
your server socket listen backlog is limited to 100 connections
your mercy for graceful operations on workers is 60 seconds
mapped 145808 bytes (142 KB) for 1 cores
*** Operational MODE: single process ***
WSGI app 0 (mountpoint='') ready in 0 seconds on interpreter 0xda4ac0 pid: 20710 (default app)
uWSGI running as root, you can use --uid/--gid/--chroot options
*** WARNING: you are running uWSGI as root !!! (use the --uid flag) *** 
*** uWSGI is running in multiple interpreter mode ***
spawned uWSGI master process (pid: 20710)
spawned uWSGI worker 1 (pid: 20713, cores: 1)
